#
# A fatal error has been detected by the Java Runtime Environment:
#
#  EXCEPTION_ACCESS_VIOLATION (0xc0000005) at pc=0x0000000180005b00, pid=24568, tid=0x0000000000007b74
#
# JRE version: Java(TM) SE Runtime Environment (8.0_341-b10) (build 1.8.0_341-b10)
# Java VM: Java HotSpot(TM) 64-Bit Server VM (25.341-b10 mixed mode windows-amd64 compressed oops)
# Problematic frame:
# C  [rxtxSerial.dll+0x5b00]
#
# Failed to write core dump. Minidumps are not enabled by default on client versions of Windows
#
# If you would like to submit a bug report, please visit:
#   http://bugreport.java.com/bugreport/crash.jsp
# The crash happened outside the Java Virtual Machine in native code.
# See problematic frame for where to report the bug.
#

---------------  T H R E A D  ---------------

Current thread (0x00000276344ca800):  JavaThread "Thread-4" [_thread_in_native, id=31604, stack(0x000000b3f1900000,0x000000b3f1a00000)]

siginfo: ExceptionCode=0xc0000005, reading address 0xfffffffff19ff0d8

Registers:
RAX=0x0000000000000001, RBX=0x0000000000000000, RCX=0x000000018001d4d5, RDX=0xfffffffffffff665
RSP=0x000000b3f19fe4b0, RBP=0x00000000ffffffff, RSI=0x0000000000000000, RDI=0x00000276344caa00
R8 =0x0000000000000002, R9 =0xfffffffffffff63c, R10=0x0000000000000076, R11=0x8101010101010100
R12=0xfffffffff19ff0d0, R13=0x000000000000001f, R14=0x000000b3f19fe698, R15=0x0000000000000000
RIP=0x0000000180005b00, EFLAGS=0x0000000000010202

Top of Stack: (sp=0x000000b3f19fe4b0)
0x000000b3f19fe4b0:   0000000000000000 fffffffff19ff0d0
0x000000b3f19fe4c0:   0000000000000000 0000000000000000
0x000000b3f19fe4d0:   0000000000000000 000000b3f19fe698
0x000000b3f19fe4e0:   0000027639a69b10 0000000000000001
0x000000b3f19fe4f0:   00000276344caa00 000000000000001f
0x000000b3f19fe500:   ffffffffffffffff 0000000180006211
0x000000b3f19fe510:   00000276376e9b90 ffffffffffffffff
0x000000b3f19fe520:   0000000000000001 00000276376e9b90
0x000000b3f19fe530:   000002760000001f 000000b3ffffffff
0x000000b3f19fe540:   000000b3f19fe6a0 0000000064fb357b
0x000000b3f19fe550:   000000b3f19fe580 0000000000000000
0x000000b3f19fe560:   0000000778053ca8 000002763316c000
0x000000b3f19fe570:   0000027639a69b18 00000276344ca800
0x000000b3f19fe580:   0000027639a69b18 000002dfba78fd1f
0x000000b3f19fe590:   0000027617b17e40 0000027639a69b10
0x000000b3f19fe5a0:   00000276344ca800 000000b3f19fe6a0 

Instructions: (pc=0x0000000180005b00)
0x0000000180005ae0:   15 23 7a 01 00 48 8d 48 60 e8 3a 5d 00 00 4c 8b
0x0000000180005af0:   e5 8b ac 24 88 00 00 00 44 8b ac 24 80 00 00 00
0x0000000180005b00:   45 8b 74 24 08 41 89 5c 24 08 41 8b fd 85 ed 78
0x0000000180005b10:   09 ff 15 e9 14 01 00 44 8b f8 45 85 ed 7e 4a 90 


Register to memory mapping:

RAX=0x0000000000000001 is an unknown value
RBX=0x0000000000000000 is an unknown value
RCX=0x000000018001d4d5 is an unknown value
RDX=0xfffffffffffff665 is an unknown value
RSP=0x000000b3f19fe4b0 is pointing into the stack for thread: 0x00000276344ca800
RBP=0x00000000ffffffff is an unknown value
RSI=0x0000000000000000 is an unknown value
RDI=0x00000276344caa00 is an unknown value
R8 =0x0000000000000002 is an unknown value
R9 =0xfffffffffffff63c is an unknown value
R10=0x0000000000000076 is an unknown value
R11=0x8101010101010100 is an unknown value
R12=0xfffffffff19ff0d0 is an unknown value
R13=0x000000000000001f is an unknown value
R14=0x000000b3f19fe698 is pointing into the stack for thread: 0x00000276344ca800
R15=0x0000000000000000 is an unknown value


Stack: [0x000000b3f1900000,0x000000b3f1a00000],  sp=0x000000b3f19fe4b0,  free space=1017k
Native frames: (J=compiled Java code, j=interpreted, Vv=VM code, C=native code)
C  [rxtxSerial.dll+0x5b00]
C  [rxtxSerial.dll+0x6211]
C  0x0000027617b299ee

Java frames: (J=compiled Java code, j=interpreted, Vv=VM code)
j  gnu.io.RXTXPort.readArray([BII)I+0
j  gnu.io.RXTXPort$SerialInputStream.read([BII)I+187
J 3418 C1 java.io.BufferedInputStream.fill()V (233 bytes) @ 0x00000276186781dc [0x0000027618677800+0x9dc]
J 242 C1 java.io.BufferedInputStream.read1([BII)I (108 bytes) @ 0x0000027617cbde34 [0x0000027617cbdc60+0x1d4]
J 241 C1 java.io.BufferedInputStream.read([BII)I (113 bytes) @ 0x0000027617cb0e54 [0x0000027617cb0bc0+0x294]
j  java.io.FilterInputStream.read([B)I+5
j  com.nbu.util.DSerialPort.serialEvent(Lgnu/io/SerialPortEvent;)V+91
j  gnu.io.RXTXPort.sendEvent(IZ)Z+382
v  ~StubRoutines::call_stub
j  gnu.io.RXTXPort.eventLoop()V+0
j  gnu.io.RXTXPort$MonitorThread.run()V+12
v  ~StubRoutines::call_stub

---------------  P R O C E S S  ---------------

Java Threads: ( => current thread )
  0x000002763695e800 JavaThread "DestroyJavaVM" [_thread_blocked, id=15336, stack(0x000000b3efc00000,0x000000b3efd00000)]
  0x0000027636960800 JavaThread "http-nio-8081-Acceptor" daemon [_thread_in_native, id=31180, stack(0x000000b3f1c00000,0x000000b3f1d00000)]
  0x0000027636963000 JavaThread "http-nio-8081-Poller" daemon [_thread_in_native, id=9836, stack(0x000000b3f1b00000,0x000000b3f1c00000)]
  0x00000276344cd800 JavaThread "Thread-5" [_thread_blocked, id=31592, stack(0x000000b3f1a00000,0x000000b3f1b00000)]
=>0x00000276344ca800 JavaThread "Thread-4" [_thread_in_native, id=31604, stack(0x000000b3f1900000,0x000000b3f1a00000)]
  0x00000276344c9800 JavaThread "Thread-2" [_thread_blocked, id=31596, stack(0x000000b3f1800000,0x000000b3f1900000)]
  0x00000276344cc000 JavaThread "lettuce-timer-3-1" daemon [_thread_blocked, id=31588, stack(0x000000b3f1700000,0x000000b3f1800000)]
  0x00000276344cb000 JavaThread "mysql-cj-abandoned-connection-cleanup" daemon [_thread_blocked, id=31444, stack(0x000000b3f1600000,0x000000b3f1700000)]
  0x00000276344ce000 JavaThread "container-0" [_thread_blocked, id=31400, stack(0x000000b3f1500000,0x000000b3f1600000)]
  0x00000276344c9000 JavaThread "Catalina-utility-2" [_thread_blocked, id=10196, stack(0x000000b3f1400000,0x000000b3f1500000)]
  0x00000276344c8000 JavaThread "Catalina-utility-1" [_thread_blocked, id=24400, stack(0x000000b3f1300000,0x000000b3f1400000)]
  0x000002763314e800 JavaThread "Service Thread" daemon [_thread_blocked, id=23404, stack(0x000000b3f1100000,0x000000b3f1200000)]
  0x000002763312a800 JavaThread "C1 CompilerThread3" daemon [_thread_blocked, id=31524, stack(0x000000b3f1000000,0x000000b3f1100000)]
  0x0000027633129000 JavaThread "C2 CompilerThread2" daemon [_thread_blocked, id=26720, stack(0x000000b3f0f00000,0x000000b3f1000000)]
  0x0000027633126800 JavaThread "C2 CompilerThread1" daemon [_thread_blocked, id=2188, stack(0x000000b3f0e00000,0x000000b3f0f00000)]
  0x0000027633123800 JavaThread "C2 CompilerThread0" daemon [_thread_blocked, id=13512, stack(0x000000b3f0d00000,0x000000b3f0e00000)]
  0x000002763311a800 JavaThread "Monitor Ctrl-Break" daemon [_thread_in_native, id=31328, stack(0x000000b3f0c00000,0x000000b3f0d00000)]
  0x0000027632cbb800 JavaThread "Attach Listener" daemon [_thread_blocked, id=31412, stack(0x000000b3f0b00000,0x000000b3f0c00000)]
  0x0000027630a3f000 JavaThread "Signal Dispatcher" daemon [_thread_blocked, id=31420, stack(0x000000b3f0a00000,0x000000b3f0b00000)]
  0x0000027630a10800 JavaThread "Finalizer" daemon [_thread_blocked, id=31392, stack(0x000000b3f0900000,0x000000b3f0a00000)]
  0x0000027630a09800 JavaThread "Reference Handler" daemon [_thread_blocked, id=31288, stack(0x000000b3f0800000,0x000000b3f0900000)]

Other Threads:
  0x00000276309e4800 VMThread [stack: 0x000000b3f0700000,0x000000b3f0800000] [id=18904]
  0x00000276332e2000 WatcherThread [stack: 0x000000b3f1200000,0x000000b3f1300000] [id=2660]

VM state:not at safepoint (normal execution)

VM Mutex/Monitor currently owned by a thread: None

heap address: 0x00000006ca000000, size: 3936 MB, Compressed Oops mode: Zero based, Oop shift amount: 3
Narrow klass base: 0x0000000000000000, Narrow klass shift: 3
Compressed class space size: 1073741824 Address: 0x00000007c0000000

Heap:
 PSYoungGen      total 163840K, used 118844K [0x000000076e000000, 0x0000000778b00000, 0x00000007c0000000)
  eden space 152576K, 71% used [0x000000076e000000,0x0000000774b03d38,0x0000000777500000)
  from space 11264K, 82% used [0x0000000778000000,0x000000077890b4c0,0x0000000778b00000)
  to   space 11264K, 0% used [0x0000000777500000,0x0000000777500000,0x0000000778000000)
 ParOldGen       total 140288K, used 15226K [0x00000006ca000000, 0x00000006d2900000, 0x000000076e000000)
  object space 140288K, 10% used [0x00000006ca000000,0x00000006caede8f8,0x00000006d2900000)
 Metaspace       used 47037K, capacity 49860K, committed 50048K, reserved 1093632K
  class space    used 6257K, capacity 6744K, committed 6784K, reserved 1048576K

Card table byte_map: [0x0000027626ed0000,0x0000027627690000] byte_map_base: 0x0000027623880000

Marking Bits: (ParMarkBitMap*) 0x00000000656d9030
 Begin Bits: [0x0000027627bb0000, 0x000002762b930000)
 End Bits:   [0x000002762b930000, 0x000002762f6b0000)

Polling page: 0x00000276161e0000

CodeCache: size=245760Kb used=15414Kb max_used=15455Kb free=230345Kb
 bounds [0x0000027617b10000, 0x0000027618a40000, 0x0000027626b10000]
 total_blobs=4738 nmethods=4281 adapters=370
 compilation: enabled

Compilation events (10 events):
Event: 6.404 Thread 0x000002763312a800 nmethod 4807 0x0000027618a0c0d0 code [0x0000027618a0c240, 0x0000027618a0c570]
Event: 6.404 Thread 0x0000027633126800 4808       4       org.springframework.core.SerializableTypeWrapper::unwrap (34 bytes)
Event: 6.405 Thread 0x000002763312a800 4809       3       org.springframework.context.event.GenericApplicationListenerAdapter::resolveDeclaredEventType (57 bytes)
Event: 6.405 Thread 0x000002763312a800 nmethod 4809 0x0000027618a14510 code [0x0000027618a146e0, 0x0000027618a14db0]
Event: 6.405 Thread 0x0000027633126800 nmethod 4808 0x0000027618a12ad0 code [0x0000027618a12c20, 0x0000027618a12e38]
Event: 6.407 Thread 0x000002763312a800 4810       3       java.util.LinkedHashSet::<init> (27 bytes)
Event: 6.407 Thread 0x0000027633123800 4811       4       org.springframework.core.ResolvableType::<init> (47 bytes)
Event: 6.407 Thread 0x000002763312a800 nmethod 4810 0x0000027618a139d0 code [0x0000027618a13bc0, 0x0000027618a14210]
Event: 6.408 Thread 0x0000027633123800 nmethod 4811 0x0000027618a0efd0 code [0x0000027618a0f100, 0x0000027618a0f1b8]
Event: 6.440 Thread 0x0000027633129000 nmethod 4594 0x0000027618a221d0 code [0x0000027618a22900, 0x0000027618a29dc8]

GC Heap History (10 events):
Event: 2.368 GC heap before
{Heap before GC invocations=4 (full 1):
 PSYoungGen      total 73728K, used 63488K [0x000000076e000000, 0x0000000777000000, 0x00000007c0000000)
  eden space 63488K, 100% used [0x000000076e000000,0x0000000771e00000,0x0000000771e00000)
  from space 10240K, 0% used [0x0000000772800000,0x0000000772800000,0x0000000773200000)
  to   space 10240K, 0% used [0x0000000771e00000,0x0000000771e00000,0x0000000772800000)
 ParOldGen       total 94720K, used 9635K [0x00000006ca000000, 0x00000006cfc80000, 0x000000076e000000)
  object space 94720K, 10% used [0x00000006ca000000,0x00000006ca968cf8,0x00000006cfc80000)
 Metaspace       used 23748K, capacity 24770K, committed 25088K, reserved 1071104K
  class space    used 3013K, capacity 3231K, committed 3328K, reserved 1048576K
Event: 2.372 GC heap after
Heap after GC invocations=4 (full 1):
 PSYoungGen      total 73728K, used 7868K [0x000000076e000000, 0x0000000775800000, 0x00000007c0000000)
  eden space 63488K, 0% used [0x000000076e000000,0x000000076e000000,0x0000000771e00000)
  from space 10240K, 76% used [0x0000000771e00000,0x00000007725af340,0x0000000772800000)
  to   space 10240K, 0% used [0x0000000774e00000,0x0000000774e00000,0x0000000775800000)
 ParOldGen       total 94720K, used 9643K [0x00000006ca000000, 0x00000006cfc80000, 0x000000076e000000)
  object space 94720K, 10% used [0x00000006ca000000,0x00000006ca96acf8,0x00000006cfc80000)
 Metaspace       used 23748K, capacity 24770K, committed 25088K, reserved 1071104K
  class space    used 3013K, capacity 3231K, committed 3328K, reserved 1048576K
}
Event: 3.057 GC heap before
{Heap before GC invocations=5 (full 1):
 PSYoungGen      total 73728K, used 71356K [0x000000076e000000, 0x0000000775800000, 0x00000007c0000000)
  eden space 63488K, 100% used [0x000000076e000000,0x0000000771e00000,0x0000000771e00000)
  from space 10240K, 76% used [0x0000000771e00000,0x00000007725af340,0x0000000772800000)
  to   space 10240K, 0% used [0x0000000774e00000,0x0000000774e00000,0x0000000775800000)
 ParOldGen       total 94720K, used 9643K [0x00000006ca000000, 0x00000006cfc80000, 0x000000076e000000)
  object space 94720K, 10% used [0x00000006ca000000,0x00000006ca96acf8,0x00000006cfc80000)
 Metaspace       used 28532K, capacity 29962K, committed 30080K, reserved 1075200K
  class space    used 3648K, capacity 3929K, committed 3968K, reserved 1048576K
Event: 3.063 GC heap after
Heap after GC invocations=5 (full 1):
 PSYoungGen      total 109568K, used 9649K [0x000000076e000000, 0x0000000775780000, 0x00000007c0000000)
  eden space 99840K, 0% used [0x000000076e000000,0x000000076e000000,0x0000000774180000)
  from space 9728K, 99% used [0x0000000774e00000,0x000000077576c678,0x0000000775780000)
  to   space 10240K, 0% used [0x0000000774380000,0x0000000774380000,0x0000000774d80000)
 ParOldGen       total 94720K, used 9651K [0x00000006ca000000, 0x00000006cfc80000, 0x000000076e000000)
  object space 94720K, 10% used [0x00000006ca000000,0x00000006ca96ccf8,0x00000006cfc80000)
 Metaspace       used 28532K, capacity 29962K, committed 30080K, reserved 1075200K
  class space    used 3648K, capacity 3929K, committed 3968K, reserved 1048576K
}
Event: 4.113 GC heap before
{Heap before GC invocations=6 (full 1):
 PSYoungGen      total 109568K, used 64860K [0x000000076e000000, 0x0000000775780000, 0x00000007c0000000)
  eden space 99840K, 55% used [0x000000076e000000,0x00000007715eaa30,0x0000000774180000)
  from space 9728K, 99% used [0x0000000774e00000,0x000000077576c678,0x0000000775780000)
  to   space 10240K, 0% used [0x0000000774380000,0x0000000774380000,0x0000000774d80000)
 ParOldGen       total 94720K, used 9651K [0x00000006ca000000, 0x00000006cfc80000, 0x000000076e000000)
  object space 94720K, 10% used [0x00000006ca000000,0x00000006ca96ccf8,0x00000006cfc80000)
 Metaspace       used 33308K, capacity 35272K, committed 35416K, reserved 1079296K
  class space    used 4390K, capacity 4750K, committed 4864K, reserved 1048576K
Event: 4.120 GC heap after
Heap after GC invocations=6 (full 1):
 PSYoungGen      total 112128K, used 10216K [0x000000076e000000, 0x0000000778b80000, 0x00000007c0000000)
  eden space 101888K, 0% used [0x000000076e000000,0x000000076e000000,0x0000000774380000)
  from space 10240K, 99% used [0x0000000774380000,0x0000000774d7a018,0x0000000774d80000)
  to   space 11776K, 0% used [0x0000000778000000,0x0000000778000000,0x0000000778b80000)
 ParOldGen       total 94720K, used 10065K [0x00000006ca000000, 0x00000006cfc80000, 0x000000076e000000)
  object space 94720K, 10% used [0x00000006ca000000,0x00000006ca9d4790,0x00000006cfc80000)
 Metaspace       used 33308K, capacity 35272K, committed 35416K, reserved 1079296K
  class space    used 4390K, capacity 4750K, committed 4864K, reserved 1048576K
}
Event: 4.120 GC heap before
{Heap before GC invocations=7 (full 2):
 PSYoungGen      total 112128K, used 10216K [0x000000076e000000, 0x0000000778b80000, 0x00000007c0000000)
  eden space 101888K, 0% used [0x000000076e000000,0x000000076e000000,0x0000000774380000)
  from space 10240K, 99% used [0x0000000774380000,0x0000000774d7a018,0x0000000774d80000)
  to   space 11776K, 0% used [0x0000000778000000,0x0000000778000000,0x0000000778b80000)
 ParOldGen       total 94720K, used 10065K [0x00000006ca000000, 0x00000006cfc80000, 0x000000076e000000)
  object space 94720K, 10% used [0x00000006ca000000,0x00000006ca9d4790,0x00000006cfc80000)
 Metaspace       used 33308K, capacity 35272K, committed 35416K, reserved 1079296K
  class space    used 4390K, capacity 4750K, committed 4864K, reserved 1048576K
Event: 4.149 GC heap after
Heap after GC invocations=7 (full 2):
 PSYoungGen      total 112128K, used 0K [0x000000076e000000, 0x0000000778b80000, 0x00000007c0000000)
  eden space 101888K, 0% used [0x000000076e000000,0x000000076e000000,0x0000000774380000)
  from space 10240K, 0% used [0x0000000774380000,0x0000000774380000,0x0000000774d80000)
  to   space 11776K, 0% used [0x0000000778000000,0x0000000778000000,0x0000000778b80000)
 ParOldGen       total 140288K, used 15218K [0x00000006ca000000, 0x00000006d2900000, 0x000000076e000000)
  object space 140288K, 10% used [0x00000006ca000000,0x00000006caedc8f8,0x00000006d2900000)
 Metaspace       used 33308K, capacity 35272K, committed 35416K, reserved 1079296K
  class space    used 4390K, capacity 4750K, committed 4864K, reserved 1048576K
}
Event: 5.190 GC heap before
{Heap before GC invocations=8 (full 2):
 PSYoungGen      total 112128K, used 101888K [0x000000076e000000, 0x0000000778b80000, 0x00000007c0000000)
  eden space 101888K, 100% used [0x000000076e000000,0x0000000774380000,0x0000000774380000)
  from space 10240K, 0% used [0x0000000774380000,0x0000000774380000,0x0000000774d80000)
  to   space 11776K, 0% used [0x0000000778000000,0x0000000778000000,0x0000000778b80000)
 ParOldGen       total 140288K, used 15218K [0x00000006ca000000, 0x00000006d2900000, 0x000000076e000000)
  object space 140288K, 10% used [0x00000006ca000000,0x00000006caedc8f8,0x00000006d2900000)
 Metaspace       used 40943K, capacity 43372K, committed 43520K, reserved 1087488K
  class space    used 5422K, capacity 5860K, committed 5888K, reserved 1048576K
Event: 5.197 GC heap after
Heap after GC invocations=8 (full 2):
 PSYoungGen      total 163840K, used 9261K [0x000000076e000000, 0x0000000778b00000, 0x00000007c0000000)
  eden space 152576K, 0% used [0x000000076e000000,0x000000076e000000,0x0000000777500000)
  from space 11264K, 82% used [0x0000000778000000,0x000000077890b4c0,0x0000000778b00000)
  to   space 11264K, 0% used [0x0000000777500000,0x0000000777500000,0x0000000778000000)
 ParOldGen       total 140288K, used 15226K [0x00000006ca000000, 0x00000006d2900000, 0x000000076e000000)
  object space 140288K, 10% used [0x00000006ca000000,0x00000006caede8f8,0x00000006d2900000)
 Metaspace       used 40943K, capacity 43372K, committed 43520K, reserved 1087488K
  class space    used 5422K, capacity 5860K, committed 5888K, reserved 1048576K
}

Deoptimization events (10 events):
Event: 6.115 Thread 0x0000027615fef800 Uncommon trap: reason=bimorphic action=maybe_recompile pc=0x0000027617e922c8 method=java.util.HashMap.putVal(ILjava/lang/Object;Ljava/lang/Object;ZZ)Ljava/lang/Object; @ 253
Event: 6.115 Thread 0x0000027615fef800 Uncommon trap: reason=bimorphic action=maybe_recompile pc=0x0000027617e922c8 method=java.util.HashMap.putVal(ILjava/lang/Object;Ljava/lang/Object;ZZ)Ljava/lang/Object; @ 253
Event: 6.115 Thread 0x0000027615fef800 Uncommon trap: reason=bimorphic action=maybe_recompile pc=0x00000276184d9208 method=java.util.HashMap.putVal(ILjava/lang/Object;Ljava/lang/Object;ZZ)Ljava/lang/Object; @ 253
Event: 6.135 Thread 0x0000027615fef800 Uncommon trap: reason=class_check action=maybe_recompile pc=0x0000027618964158 method=org.springframework.beans.factory.support.AbstractBeanFactory.isSingleton(Ljava/lang/String;)Z @ 32
Event: 6.166 Thread 0x0000027615fef800 Uncommon trap: reason=class_check action=maybe_recompile pc=0x0000027618964158 method=org.springframework.beans.factory.support.AbstractBeanFactory.isSingleton(Ljava/lang/String;)Z @ 32
Event: 6.202 Thread 0x0000027615fef800 Uncommon trap: reason=class_check action=maybe_recompile pc=0x0000027618964158 method=org.springframework.beans.factory.support.AbstractBeanFactory.isSingleton(Ljava/lang/String;)Z @ 32
Event: 6.210 Thread 0x0000027615fef800 Uncommon trap: reason=class_check action=maybe_recompile pc=0x0000027618964158 method=org.springframework.beans.factory.support.AbstractBeanFactory.isSingleton(Ljava/lang/String;)Z @ 32
Event: 6.244 Thread 0x0000027615fef800 Uncommon trap: reason=class_check action=maybe_recompile pc=0x0000027617cd7854 method=org.springframework.beans.factory.support.AbstractBeanFactory.isSingleton(Ljava/lang/String;)Z @ 32
Event: 6.286 Thread 0x0000027615fef800 Uncommon trap: reason=unstable_if action=reinterpret pc=0x0000027617c2ec40 method=java.lang.CharacterData.of(I)Ljava/lang/CharacterData; @ 4
Event: 6.398 Thread 0x0000027615fef800 Uncommon trap: reason=unstable_if action=reinterpret pc=0x0000027617f73158 method=org.springframework.util.ConcurrentReferenceHashMap$Segment.clear()V @ 7

Classes redefined (0 events):
No events

Internal exceptions (10 events):
Event: 6.050 Thread 0x0000027615fef800 Exception <a 'java/lang/ClassNotFoundException': java/lang/ObjectCustomizer> (0x0000000772763f80) thrown at [C:\jenkins\workspace\8-2-build-windows-x64-cygwin\jdk8u341\2692\hotspot\src\share\vm\classfile\systemDictionary.cpp, line 212]
Event: 6.050 Thread 0x0000027615fef800 Exception <a 'java/lang/ClassNotFoundException': org/springframework/data/keyvalue/core/AbstractKeyValueAdapterCustomizer> (0x0000000772786730) thrown at [C:\jenkins\workspace\8-2-build-windows-x64-cygwin\jdk8u341\2692\hotspot\src\share\vm\classfile\syste
Event: 6.051 Thread 0x0000027615fef800 Exception <a 'java/lang/ClassNotFoundException': org/springframework/data/redis/core/RedisKeyValueAdapterCustomizer> (0x00000007727ad7f0) thrown at [C:\jenkins\workspace\8-2-build-windows-x64-cygwin\jdk8u341\2692\hotspot\src\share\vm\classfile\systemDicti
Event: 6.052 Thread 0x0000027615fef800 Exception <a 'java/lang/ClassNotFoundException': org/springframework/beans/factory/InitializingBeanCustomizer> (0x00000007727ead00) thrown at [C:\jenkins\workspace\8-2-build-windows-x64-cygwin\jdk8u341\2692\hotspot\src\share\vm\classfile\systemDictionary.
Event: 6.053 Thread 0x0000027615fef800 Exception <a 'java/lang/ClassNotFoundException': org/springframework/context/ApplicationContextAwareCustomizer> (0x0000000772806ca0) thrown at [C:\jenkins\workspace\8-2-build-windows-x64-cygwin\jdk8u341\2692\hotspot\src\share\vm\classfile\systemDictionary
Event: 6.053 Thread 0x0000027615fef800 Exception <a 'java/lang/ClassNotFoundException': org/springframework/beans/factory/AwareCustomizer> (0x000000077281f858) thrown at [C:\jenkins\workspace\8-2-build-windows-x64-cygwin\jdk8u341\2692\hotspot\src\share\vm\classfile\systemDictionary.cpp, line 2
Event: 6.053 Thread 0x0000027615fef800 Exception <a 'java/lang/ClassNotFoundException': org/springframework/context/ApplicationListenerCustomizer> (0x0000000772839588) thrown at [C:\jenkins\workspace\8-2-build-windows-x64-cygwin\jdk8u341\2692\hotspot\src\share\vm\classfile\systemDictionary.cpp
Event: 6.053 Thread 0x0000027615fef800 Exception <a 'java/lang/ClassNotFoundException': java/util/EventListenerCustomizer> (0x0000000772844518) thrown at [C:\jenkins\workspace\8-2-build-windows-x64-cygwin\jdk8u341\2692\hotspot\src\share\vm\classfile\systemDictionary.cpp, line 212]
Event: 6.054 Thread 0x0000027615fef800 Exception <a 'java/lang/ClassNotFoundException': org/springframework/data/keyvalue/core/KeyValueAdapterCustomizer> (0x0000000772861030) thrown at [C:\jenkins\workspace\8-2-build-windows-x64-cygwin\jdk8u341\2692\hotspot\src\share\vm\classfile\systemDiction
Event: 6.054 Thread 0x0000027615fef800 Exception <a 'java/lang/ClassNotFoundException': org/springframework/beans/factory/DisposableBeanCustomizer> (0x000000077288cfb0) thrown at [C:\jenkins\workspace\8-2-build-windows-x64-cygwin\jdk8u341\2692\hotspot\src\share\vm\classfile\systemDictionary.cp

Events (10 events):
Event: 6.406 loading class org/springframework/boot/CommandLineRunner
Event: 6.406 loading class org/springframework/boot/CommandLineRunner done
Event: 6.407 loading class org/springframework/context/ConfigurableApplicationContext
Event: 6.407 loading class org/springframework/context/ConfigurableApplicationContext done
Event: 6.407 loading class org/springframework/context/ConfigurableApplicationContext
Event: 6.407 loading class org/springframework/context/ConfigurableApplicationContext done
Event: 6.407 loading class java/util/IdentityHashMap$KeyIterator
Event: 6.407 loading class java/util/IdentityHashMap$KeyIterator done
Event: 6.408 Thread 0x0000027615fef800 Thread exited: 0x0000027615fef800
Event: 6.408 Thread 0x000002763695e800 Thread added: 0x000002763695e800


Dynamic libraries:
0x00007ff758b50000 - 0x00007ff758b97000 	D:\Java\bin\java.exe
0x00007ffca8d90000 - 0x00007ffca8f88000 	C:\Windows\SYSTEM32\ntdll.dll
0x00007ffca7670000 - 0x00007ffca772f000 	C:\Windows\System32\KERNEL32.DLL
0x00007ffca6640000 - 0x00007ffca6912000 	C:\Windows\System32\KERNELBASE.dll
0x00007ffca72f0000 - 0x00007ffca739e000 	C:\Windows\System32\ADVAPI32.dll
0x00007ffca7450000 - 0x00007ffca74ee000 	C:\Windows\System32\msvcrt.dll
0x00007ffca78a0000 - 0x00007ffca793c000 	C:\Windows\System32\sechost.dll
0x00007ffca7730000 - 0x00007ffca7855000 	C:\Windows\System32\RPCRT4.dll
0x00007ffca81c0000 - 0x00007ffca835d000 	C:\Windows\System32\USER32.dll
0x00007ffca6ce0000 - 0x00007ffca6d02000 	C:\Windows\System32\win32u.dll
0x00007ffca7ac0000 - 0x00007ffca7aeb000 	C:\Windows\System32\GDI32.dll
0x00007ffca6bd0000 - 0x00007ffca6cdf000 	C:\Windows\System32\gdi32full.dll
0x00007ffca6d10000 - 0x00007ffca6dad000 	C:\Windows\System32\msvcp_win.dll
0x00007ffca69b0000 - 0x00007ffca6ab0000 	C:\Windows\System32\ucrtbase.dll
0x00007ffc908f0000 - 0x00007ffc90b8a000 	C:\Windows\WinSxS\amd64_microsoft.windows.common-controls_6595b64144ccf1df_6.0.19041.1110_none_60b5254171f9507e\COMCTL32.dll
0x00007ffca7860000 - 0x00007ffca7892000 	C:\Windows\System32\IMM32.DLL
0x00007ffc65780000 - 0x00007ffc65795000 	D:\Java\jre\bin\vcruntime140.dll
0x00007ffc3b230000 - 0x00007ffc3b2cb000 	D:\Java\jre\bin\msvcp140.dll
0x0000000064ef0000 - 0x0000000065751000 	D:\Java\jre\bin\server\jvm.dll
0x00007ffca7430000 - 0x00007ffca7438000 	C:\Windows\System32\PSAPI.DLL
0x00007ffc9beb0000 - 0x00007ffc9beba000 	C:\Windows\SYSTEM32\VERSION.dll
0x00007ffc9f840000 - 0x00007ffc9f849000 	C:\Windows\SYSTEM32\WSOCK32.dll
0x00007ffca3570000 - 0x00007ffca3597000 	C:\Windows\SYSTEM32\WINMM.dll
0x00007ffca8c60000 - 0x00007ffca8ccb000 	C:\Windows\System32\WS2_32.dll
0x00007ffca4d10000 - 0x00007ffca4d22000 	C:\Windows\SYSTEM32\kernel.appcore.dll
0x00007ffc8b180000 - 0x00007ffc8b190000 	D:\Java\jre\bin\verify.dll
0x00007ffc85c60000 - 0x00007ffc85c8b000 	D:\Java\jre\bin\java.dll
0x00007ffc63ea0000 - 0x00007ffc63ed0000 	D:\Java\jre\bin\instrument.dll
0x00007ffc833d0000 - 0x00007ffc833e8000 	D:\Java\jre\bin\zip.dll
0x00007ffca8510000 - 0x00007ffca8c53000 	C:\Windows\System32\SHELL32.dll
0x00007ffca3da0000 - 0x00007ffca4532000 	C:\Windows\SYSTEM32\windows.storage.dll
0x00007ffca6f90000 - 0x00007ffca72e4000 	C:\Windows\System32\combase.dll
0x00007ffca5e80000 - 0x00007ffca5eb0000 	C:\Windows\SYSTEM32\Wldp.dll
0x00007ffca7af0000 - 0x00007ffca7b9d000 	C:\Windows\System32\SHCORE.dll
0x00007ffca8450000 - 0x00007ffca84a5000 	C:\Windows\System32\shlwapi.dll
0x00007ffca63d0000 - 0x00007ffca63ef000 	C:\Windows\SYSTEM32\profapi.dll
0x00007ffc65760000 - 0x00007ffc6577a000 	D:\Intellij IDEA\IntelliJ IDEA Community Edition 2022.2.1\bin\breakgen64.dll
0x00007ffc800c0000 - 0x00007ffc800dc000 	D:\java\jre\bin\net.dll
0x00007ffca5be0000 - 0x00007ffca5c4a000 	C:\Windows\system32\mswsock.dll
0x00007ffc8b170000 - 0x00007ffc8b17d000 	D:\java\jre\bin\management.dll
0x00007ffc833b0000 - 0x00007ffc833c7000 	C:\Windows\system32\napinsp.dll
0x00007ffc83390000 - 0x00007ffc833ab000 	C:\Windows\system32\pnrpnsp.dll
0x00007ffca0700000 - 0x00007ffca0715000 	C:\Windows\system32\wshbth.dll
0x00007ffca1280000 - 0x00007ffca129d000 	C:\Windows\system32\NLAapi.dll
0x00007ffca5860000 - 0x00007ffca589b000 	C:\Windows\SYSTEM32\IPHLPAPI.DLL
0x00007ffca58a0000 - 0x00007ffca596a000 	C:\Windows\SYSTEM32\DNSAPI.dll
0x00007ffca8440000 - 0x00007ffca8448000 	C:\Windows\System32\NSI.dll
0x00007ffc83370000 - 0x00007ffc83382000 	C:\Windows\System32\winrnr.dll
0x0000000067040000 - 0x0000000067066000 	C:\Program Files\Bonjour\mdnsNSP.dll
0x0000000063560000 - 0x0000000063569000 	C:\Program Files\National Instruments\Shared\mDNS Responder\nimdnsNSP.dll
0x0000000066f90000 - 0x0000000067033000 	C:\Windows\WinSxS\amd64_microsoft.vc90.crt_1fc8b3b9a1e18e3b_9.0.30729.9625_none_08e1c10da83fbc83\MSVCR90.dll
0x0000000063550000 - 0x000000006355e000 	C:\Windows\SYSTEM32\nimdnsResponder.dll
0x00007ffc9d5a0000 - 0x00007ffc9d5aa000 	C:\Windows\System32\rasadhlp.dll
0x00007ffc98c90000 - 0x00007ffc98d10000 	C:\Windows\System32\fwpuclnt.dll
0x00007ffca6db0000 - 0x00007ffca6dd7000 	C:\Windows\System32\bcrypt.dll
0x00007ffc7f920000 - 0x00007ffc7f933000 	D:\java\jre\bin\nio.dll
0x00007ffca5de0000 - 0x00007ffca5df8000 	C:\Windows\SYSTEM32\CRYPTSP.dll
0x00007ffca5490000 - 0x00007ffca54c4000 	C:\Windows\system32\rsaenh.dll
0x00007ffca6390000 - 0x00007ffca63be000 	C:\Windows\SYSTEM32\USERENV.dll
0x00007ffca6920000 - 0x00007ffca69a2000 	C:\Windows\System32\bcryptprimitives.dll
0x00007ffca5dd0000 - 0x00007ffca5ddc000 	C:\Windows\SYSTEM32\CRYPTBASE.dll
0x00007ffc9cdc0000 - 0x00007ffc9cdd7000 	C:\Windows\SYSTEM32\dhcpcsvc6.DLL
0x00007ffc9ccc0000 - 0x00007ffc9ccdd000 	C:\Windows\SYSTEM32\dhcpcsvc.DLL
0x0000000180000000 - 0x0000000180025000 	D:\java\jre\bin\rxtxSerial.dll
0x00007ffca4540000 - 0x00007ffca4724000 	C:\Windows\SYSTEM32\dbghelp.dll

VM Arguments:
jvm_args: -javaagent:D:\Intellij IDEA\IntelliJ IDEA Community Edition 2022.2.1\lib\idea_rt.jar=1415:D:\Intellij IDEA\IntelliJ IDEA Community Edition 2022.2.1\bin -Dfile.encoding=UTF-8 
java_command: com.nbu.Application
java_class_path (initial): D:\java\jre\lib\charsets.jar;D:\java\jre\lib\deploy.jar;D:\java\jre\lib\ext\access-bridge-64.jar;D:\java\jre\lib\ext\cldrdata.jar;D:\java\jre\lib\ext\dnsns.jar;D:\java\jre\lib\ext\jaccess.jar;D:\java\jre\lib\ext\jfxrt.jar;D:\java\jre\lib\ext\localedata.jar;D:\java\jre\lib\ext\nashorn.jar;D:\java\jre\lib\ext\sunec.jar;D:\java\jre\lib\ext\sunjce_provider.jar;D:\java\jre\lib\ext\sunmscapi.jar;D:\java\jre\lib\ext\sunpkcs11.jar;D:\java\jre\lib\ext\zipfs.jar;D:\java\jre\lib\javaws.jar;D:\java\jre\lib\jce.jar;D:\java\jre\lib\jfr.jar;D:\java\jre\lib\jfxswt.jar;D:\java\jre\lib\jsse.jar;D:\java\jre\lib\management-agent.jar;D:\java\jre\lib\plugin.jar;D:\java\jre\lib\resources.jar;D:\java\jre\lib\rt.jar;C:\Users\HUAWEI\Desktop\summer\target\classes;C:\Users\HUAWEI\.m2\repository\org\springframework\boot\spring-boot-starter-web\2.5.8\spring-boot-starter-web-2.5.8.jar;C:\Users\HUAWEI\.m2\repository\org\springframework\boot\spring-boot-starter\2.5.8\spring-boot-starter-2.5.8.jar;C:\Users\HUAWEI\.m2\repository\org\springframework\boot\spring-boot\2.5.8\spring-boot-2.5.8.jar;C:\Users\HUAWEI\.m2\repository\org\springframework\boot\spring-boot-autoconfigure\2.5.8\spring-boot-autoconfigure-2.5.8.jar;C:\Users\HUAWEI\.m2\repository\org\springframework\boot\spring-boot-starter-logging\2.5.8\spring-boot-starter-logging-2.5.8.jar;C:\Users\HUAWEI\.m2\repository\ch\qos\logback\logback-classic\1.2.9\logback-classic-1.2.9.jar;C:\Users\HUAWEI\.m2\repository\ch\qos\logback\logback-core\1.2.9\logback-core-1.2.9.jar;C:\Users\HUAWEI\.m2\repository\org\apache\logging\log4j\log4j-to-slf4j\2.17.0\log4j-to-slf4j-2.17.0.jar;C:\Users\HUAWEI\.m2\repository\org\apache\logging\log4j\log4j-api\2.17.0\log4j-api-2.17.0.jar;C:\Users\HUAWEI\.m2\repository\org\slf4j\jul-to-slf4j\1.7.32\jul-to-slf4j-1.7.32.jar;C:\Users\HUAWEI\.m2\repository\jakarta\annotation\jakarta.annotation-api\1.3.5\jakarta.annotation-api-1.3.5.jar;C:\Users\HUAWEI\.m2\repository\org\springframework\spring-core\5.3.
Launcher Type: SUN_STANDARD

Environment Variables:
JAVA_HOME=D:\java
CLASSPATH=D:\LINGO64_18\Lingo18.jar
PATH=D:\java\bin;D:\Graphviz\bin;C:\Program Files (x86)\Common Files\Oracle\Java\javapath;D:\opencv\build\x64\vc15\bin;C:\Program Files (x86)\NVIDIA Corporation\PhysX\Common;C:\Windows\system32;C:\Windows;C:\Windows\System32\Wbem;C:\Windows\System32\WindowsPowerShell\v1.0\;C:\Windows\System32\OpenSSH\;C:\Program Files\Microsoft SQL Server\Client SDK\ODBC\110\Tools\Binn\;C:\Program Files (x86)\Microsoft SQL Server\120\Tools\Binn\;C:\Program Files\Microsoft SQL Server\120\Tools\Binn\;C:\Program Files\Microsoft SQL Server\120\DTS\Binn\;C:\Program Files (x86)\Windows Kits\8.1\Windows Performance Toolkit\;D:\Program Files\MATLAB\R2016a\runtime\win64;D:\Program Files\MATLAB\R2016a\bin;D:\Program Files\MATLAB\R2016a\polyspace\bin;D:\MinGW\bin;E:\libexec\mingw-get;D:\LINGO64_18\;C:\Users\HUAWEI\anaconda3;C:\Users\HUAWEI\anaconda3\envs\pythonProject;C:\Users\HUAWEI\anaconda3\Scripts;C:\Users\HUAWEI\anaconda3\Library\bin;C:\Program Files\Microsoft SQL Server\110\Tools\Binn\;C:\Program Files (x86)\Dev-Cpp\MinGW64\bin;e:\quartus_9.1\quartus\bin;"D:\tomcat\apache-tomcat-8.5.82\bin;D:\tomcat\apache-tomcat-8.5.82\lib";E:\Git\cmd;D:\Program Files\nodejs\;D:\Program Files\MySQL\MySQL Shell 8.0\bin\;C:\Users\HUAWEI\AppData\Local\Microsoft\WindowsApps;E:\Microsoft VS Code\bin;D:\PyCharm Community Edition 2022.1\bin;;D:\nodejs\node_global;C:\Users\HUAWEI\AppData\Roaming\npm;D:\Program Files\nodejs\node_modules;
USERNAME=HUAWEI
OS=Windows_NT
PROCESSOR_IDENTIFIER=AMD64 Family 23 Model 96 Stepping 1, AuthenticAMD



---------------  S Y S T E M  ---------------

OS: Windows 10 , 64 bit Build 19041 (10.0.19041.2251)

CPU:total 12 (initial active 12) (12 cores per cpu, 1 threads per core) family 23 model 96 stepping 1, cmov, cx8, fxsr, mmx, sse, sse2, sse3, ssse3, sse4.1, sse4.2, popcnt, avx, avx2, aes, clmul, mmxext, 3dnowpref, lzcnt, sse4a, tsc, tscinvbit, tscinv, bmi1

Memory: 4k page, physical 16119108k(4218988k free), swap 23459140k(4151204k free)

vm_info: Java HotSpot(TM) 64-Bit Server VM (25.341-b10) for windows-amd64 JRE (1.8.0_341-b10), built on Jun 16 2022 15:51:07 by "java_re" with MS VC++ 15.9 (VS2017)

time: Fri Nov 25 10:04:56 2022
timezone: AMD64 Family 23 Model 96 Stepping 1, AuthenticAMD
elapsed time: 7.336477 seconds (0d 0h 0m 7s)

