00:05:08.765 [http-nio-8081-exec-8] INFO  c.n.s.impl.SimpleUserInfoService - 缓存命中，成功登录
00:05:08.770 [http-nio-8081-exec-8] DEBUG c.n.s.impl.SimpleUserInfoService - "e100eb8649f1d920e31ce7593668e777938fd7d871d45e1fe0338096863d5928"
00:06:17.341 [http-nio-8081-exec-5] INFO  c.n.s.impl.SimpleUserInfoService - 缓存命中，成功登录
00:06:17.341 [http-nio-8081-exec-5] DEBUG c.n.s.impl.SimpleUserInfoService - "e100eb8649f1d920e31ce7593668e777938fd7d871d45e1fe0338096863d5928"
00:06:54.307 [http-nio-8081-exec-9] INFO  c.n.s.impl.SimpleUserInfoService - 缓存命中，成功登录
00:06:54.307 [http-nio-8081-exec-9] DEBUG c.n.s.impl.SimpleUserInfoService - "e100eb8649f1d920e31ce7593668e777938fd7d871d45e1fe0338096863d5928"
00:07:24.355 [http-nio-8081-exec-2] INFO  c.n.s.impl.SimpleUserInfoService - 缓存命中，成功登录
00:07:24.356 [http-nio-8081-exec-2] DEBUG c.n.s.impl.SimpleUserInfoService - "e100eb8649f1d920e31ce7593668e777938fd7d871d45e1fe0338096863d5928"
00:07:57.938 [http-nio-8081-exec-10] INFO  c.n.s.impl.SimpleUserInfoService - 缓存命中，成功登录
00:07:57.938 [http-nio-8081-exec-10] DEBUG c.n.s.impl.SimpleUserInfoService - "e100eb8649f1d920e31ce7593668e777938fd7d871d45e1fe0338096863d5928"
00:08:15.569 [http-nio-8081-exec-8] INFO  c.n.s.impl.SimpleUserInfoService - 缓存命中，成功登录
00:08:15.570 [http-nio-8081-exec-8] DEBUG c.n.s.impl.SimpleUserInfoService - "e100eb8649f1d920e31ce7593668e777938fd7d871d45e1fe0338096863d5928"
00:11:01.103 [http-nio-8081-exec-5] INFO  c.n.s.impl.SimpleUserInfoService - 缓存命中，成功登录
00:11:01.103 [http-nio-8081-exec-5] DEBUG c.n.s.impl.SimpleUserInfoService - "e100eb8649f1d920e31ce7593668e777938fd7d871d45e1fe0338096863d5928"
00:14:24.702 [http-nio-8081-exec-9] INFO  c.n.s.impl.SimpleUserInfoService - 缓存命中，成功登录
00:14:24.702 [http-nio-8081-exec-9] DEBUG c.n.s.impl.SimpleUserInfoService - "e100eb8649f1d920e31ce7593668e777938fd7d871d45e1fe0338096863d5928"
00:14:32.121 [http-nio-8081-exec-4] INFO  c.n.s.impl.SimpleUserInfoService - 缓存命中，成功登录
00:14:32.122 [http-nio-8081-exec-4] DEBUG c.n.s.impl.SimpleUserInfoService - "e100eb8649f1d920e31ce7593668e777938fd7d871d45e1fe0338096863d5928"
00:14:32.350 [http-nio-8081-exec-2] INFO  c.n.s.impl.SimpleUserInfoService - 缓存命中，成功登录
00:14:32.350 [http-nio-8081-exec-2] DEBUG c.n.s.impl.SimpleUserInfoService - "e100eb8649f1d920e31ce7593668e777938fd7d871d45e1fe0338096863d5928"
00:14:32.532 [http-nio-8081-exec-6] INFO  c.n.s.impl.SimpleUserInfoService - 缓存命中，成功登录
00:14:32.532 [http-nio-8081-exec-6] DEBUG c.n.s.impl.SimpleUserInfoService - "e100eb8649f1d920e31ce7593668e777938fd7d871d45e1fe0338096863d5928"
00:16:49.420 [http-nio-8081-exec-3] INFO  c.n.s.impl.SimpleUserInfoService - 缓存命中，成功登录
00:16:49.421 [http-nio-8081-exec-3] DEBUG c.n.s.impl.SimpleUserInfoService - "e100eb8649f1d920e31ce7593668e777938fd7d871d45e1fe0338096863d5928"
00:16:53.480 [http-nio-8081-exec-8] INFO  c.n.s.impl.SimpleUserInfoService - 缓存命中，成功登录
00:16:53.481 [http-nio-8081-exec-8] DEBUG c.n.s.impl.SimpleUserInfoService - "e100eb8649f1d920e31ce7593668e777938fd7d871d45e1fe0338096863d5928"
00:17:48.746 [http-nio-8081-exec-5] INFO  c.n.s.impl.SimpleUserInfoService - 缓存命中，成功登录
00:17:48.747 [http-nio-8081-exec-5] DEBUG c.n.s.impl.SimpleUserInfoService - "e100eb8649f1d920e31ce7593668e777938fd7d871d45e1fe0338096863d5928"
00:18:09.680 [http-nio-8081-exec-9] INFO  c.n.s.impl.SimpleUserInfoService - 缓存命中，成功登录
00:18:09.681 [http-nio-8081-exec-9] DEBUG c.n.s.impl.SimpleUserInfoService - "e100eb8649f1d920e31ce7593668e777938fd7d871d45e1fe0338096863d5928"
00:18:12.129 [http-nio-8081-exec-4] INFO  c.n.s.impl.SimpleUserInfoService - 缓存命中，成功登录
00:18:12.130 [http-nio-8081-exec-4] DEBUG c.n.s.impl.SimpleUserInfoService - "e100eb8649f1d920e31ce7593668e777938fd7d871d45e1fe0338096863d5928"
00:18:40.366 [http-nio-8081-exec-2] INFO  c.n.s.impl.SimpleUserInfoService - 缓存命中，成功登录
00:18:40.366 [http-nio-8081-exec-2] DEBUG c.n.s.impl.SimpleUserInfoService - "e100eb8649f1d920e31ce7593668e777938fd7d871d45e1fe0338096863d5928"
00:18:41.138 [http-nio-8081-exec-6] INFO  c.n.s.impl.SimpleUserInfoService - 缓存命中，成功登录
00:18:41.139 [http-nio-8081-exec-6] DEBUG c.n.s.impl.SimpleUserInfoService - "e100eb8649f1d920e31ce7593668e777938fd7d871d45e1fe0338096863d5928"
00:22:42.900 [SpringApplicationShutdownHook] INFO  com.zaxxer.hikari.HikariDataSource - HikariPool-1 - Shutdown initiated...
00:22:42.904 [SpringApplicationShutdownHook] INFO  com.zaxxer.hikari.HikariDataSource - HikariPool-1 - Shutdown completed.
10:52:29.851 [main] INFO  com.nbu.Application - Starting Application v1.0-SNAPSHOT using Java 1.8.0_341 on LAPTOP-EQDM0DJB with PID 15328 (C:\Users\CCTV\Desktop\Summer Work\afterServices\summer\target\summer-1.0-SNAPSHOT.jar started by CCTV in C:\Users\CCTV\Desktop\Summer Work\afterServices\summer\target)
10:52:29.854 [main] DEBUG com.nbu.Application - Running with Spring Boot v2.5.8, Spring v5.3.14
10:52:29.856 [main] INFO  com.nbu.Application - No active profile set, falling back to default profiles: default
10:52:30.705 [main] INFO  o.s.d.r.c.RepositoryConfigurationDelegate - Multiple Spring Data modules found, entering strict repository configuration mode!
10:52:30.709 [main] INFO  o.s.d.r.c.RepositoryConfigurationDelegate - Bootstrapping Spring Data Redis repositories in DEFAULT mode.
10:52:30.732 [main] INFO  o.s.d.r.c.RepositoryConfigurationDelegate - Finished Spring Data repository scanning in 6 ms. Found 0 Redis repository interfaces.
10:52:32.101 [main] INFO  o.s.b.w.e.tomcat.TomcatWebServer - Tomcat initialized with port(s): 8081 (http)
10:52:32.175 [main] INFO  o.a.coyote.http11.Http11NioProtocol - Initializing ProtocolHandler ["http-nio-8081"]
10:52:32.176 [main] INFO  o.a.catalina.core.StandardService - Starting service [Tomcat]
10:52:32.177 [main] INFO  o.a.catalina.core.StandardEngine - Starting Servlet engine: [Apache Tomcat/9.0.56]
10:52:32.244 [main] INFO  o.a.c.c.C.[Tomcat].[localhost].[/] - Initializing Spring embedded WebApplicationContext
10:52:32.244 [main] INFO  o.s.b.w.s.c.ServletWebServerApplicationContext - Root WebApplicationContext: initialization completed in 2317 ms
10:52:33.246 [main] INFO  s.d.s.w.PropertySourcedRequestMappingHandlerMapping - Mapped URL path [/v2/api-docs] onto method [springfox.documentation.swagger2.web.Swagger2Controller#getDocumentation(String, HttpServletRequest)]
10:52:33.592 [main] INFO  o.a.coyote.http11.Http11NioProtocol - Starting ProtocolHandler ["http-nio-8081"]
10:52:33.644 [main] INFO  o.s.b.w.e.tomcat.TomcatWebServer - Tomcat started on port(s): 8081 (http) with context path ''
10:52:33.644 [main] INFO  s.d.s.w.p.DocumentationPluginsBootstrapper - Context refreshed
10:52:33.668 [main] INFO  s.d.s.w.p.DocumentationPluginsBootstrapper - Found 1 custom documentation plugin(s)
10:52:33.714 [main] INFO  s.d.s.w.s.ApiListingReferenceScanner - Scanning for api listing references
10:52:33.850 [main] INFO  com.nbu.Application - Started Application in 4.591 seconds (JVM running for 5.292)
10:56:19.777 [http-nio-8081-exec-1] INFO  o.a.c.c.C.[Tomcat].[localhost].[/] - Initializing Spring DispatcherServlet 'dispatcherServlet'
10:56:19.778 [http-nio-8081-exec-1] INFO  o.s.web.servlet.DispatcherServlet - Initializing Servlet 'dispatcherServlet'
10:56:19.779 [http-nio-8081-exec-1] INFO  o.s.web.servlet.DispatcherServlet - Completed initialization in 1 ms
10:56:21.429 [http-nio-8081-exec-1] INFO  c.n.s.impl.SimpleUserInfoService - 缓存命中，成功登录
10:56:21.430 [http-nio-8081-exec-1] DEBUG c.n.s.impl.SimpleUserInfoService - "e100eb8649f1d920e31ce7593668e777938fd7d871d45e1fe0338096863d5928"
10:57:06.473 [http-nio-8081-exec-3] INFO  c.n.s.impl.SimpleUserInfoService - 缓存命中，成功登录
10:57:06.886 [http-nio-8081-exec-4] INFO  c.n.s.impl.SimpleUserInfoService - 缓存命中，成功登录
10:57:07.558 [http-nio-8081-exec-5] INFO  c.n.s.impl.SimpleUserInfoService - 缓存命中，成功登录
10:58:57.300 [http-nio-8081-exec-5] DEBUG c.n.s.impl.SimpleUserInfoService - "e100eb8649f1d920e31ce7593668e777938fd7d871d45e1fe0338096863d5928"
10:58:30.322 [http-nio-8081-exec-9] INFO  c.n.s.impl.SimpleUserInfoService - 缓存命中，成功登录
10:58:57.298 [http-nio-8081-exec-3] DEBUG c.n.s.impl.SimpleUserInfoService - "e100eb8649f1d920e31ce7593668e777938fd7d871d45e1fe0338096863d5928"
10:58:57.300 [http-nio-8081-exec-4] DEBUG c.n.s.impl.SimpleUserInfoService - "e100eb8649f1d920e31ce7593668e777938fd7d871d45e1fe0338096863d5928"
10:58:57.300 [http-nio-8081-exec-9] DEBUG c.n.s.impl.SimpleUserInfoService - "e100eb8649f1d920e31ce7593668e777938fd7d871d45e1fe0338096863d5928"
10:59:11.453 [http-nio-8081-exec-7] INFO  c.n.s.impl.SimpleUserInfoService - 缓存命中，成功登录
10:59:20.131 [http-nio-8081-exec-7] DEBUG c.n.s.impl.SimpleUserInfoService - "e100eb8649f1d920e31ce7593668e777938fd7d871d45e1fe0338096863d5928"
10:59:25.056 [http-nio-8081-exec-8] INFO  c.n.s.impl.SimpleUserInfoService - 缓存命中，成功登录
10:59:25.056 [http-nio-8081-exec-8] DEBUG c.n.s.impl.SimpleUserInfoService - "e100eb8649f1d920e31ce7593668e777938fd7d871d45e1fe0338096863d5928"
11:02:57.233 [main] INFO  com.nbu.Application - Starting Application v1.0-SNAPSHOT using Java 1.8.0_341 on LAPTOP-EQDM0DJB with PID 20180 (C:\Users\CCTV\Desktop\Summer Work\afterServices\summer\target\summer-1.0-SNAPSHOT.jar started by CCTV in C:\Users\CCTV\Desktop\Summer Work\afterServices\summer\target)
11:02:57.236 [main] DEBUG com.nbu.Application - Running with Spring Boot v2.5.8, Spring v5.3.14
11:02:57.237 [main] INFO  com.nbu.Application - No active profile set, falling back to default profiles: default
11:02:58.100 [main] INFO  o.s.d.r.c.RepositoryConfigurationDelegate - Multiple Spring Data modules found, entering strict repository configuration mode!
11:02:58.103 [main] INFO  o.s.d.r.c.RepositoryConfigurationDelegate - Bootstrapping Spring Data Redis repositories in DEFAULT mode.
11:02:58.125 [main] INFO  o.s.d.r.c.RepositoryConfigurationDelegate - Finished Spring Data repository scanning in 6 ms. Found 0 Redis repository interfaces.
11:02:59.614 [main] INFO  o.s.b.w.e.tomcat.TomcatWebServer - Tomcat initialized with port(s): 8081 (http)
11:02:59.684 [main] INFO  o.a.coyote.http11.Http11NioProtocol - Initializing ProtocolHandler ["http-nio-8081"]
11:02:59.686 [main] INFO  o.a.catalina.core.StandardService - Starting service [Tomcat]
11:02:59.687 [main] INFO  o.a.catalina.core.StandardEngine - Starting Servlet engine: [Apache Tomcat/9.0.56]
11:02:59.755 [main] INFO  o.a.c.c.C.[Tomcat].[localhost].[/] - Initializing Spring embedded WebApplicationContext
11:02:59.756 [main] INFO  o.s.b.w.s.c.ServletWebServerApplicationContext - Root WebApplicationContext: initialization completed in 2453 ms
11:03:00.801 [main] INFO  s.d.s.w.PropertySourcedRequestMappingHandlerMapping - Mapped URL path [/v2/api-docs] onto method [springfox.documentation.swagger2.web.Swagger2Controller#getDocumentation(String, HttpServletRequest)]
11:03:01.145 [main] INFO  o.a.coyote.http11.Http11NioProtocol - Starting ProtocolHandler ["http-nio-8081"]
11:03:01.180 [main] INFO  o.s.b.w.e.tomcat.TomcatWebServer - Tomcat started on port(s): 8081 (http) with context path ''
11:03:01.180 [main] INFO  s.d.s.w.p.DocumentationPluginsBootstrapper - Context refreshed
11:03:01.203 [main] INFO  s.d.s.w.p.DocumentationPluginsBootstrapper - Found 1 custom documentation plugin(s)
11:03:01.240 [main] INFO  s.d.s.w.s.ApiListingReferenceScanner - Scanning for api listing references
11:03:01.374 [main] INFO  com.nbu.Application - Started Application in 4.687 seconds (JVM running for 5.102)
11:13:25.967 [http-nio-8081-exec-1] INFO  o.a.c.c.C.[Tomcat].[localhost].[/] - Initializing Spring DispatcherServlet 'dispatcherServlet'
11:13:25.968 [http-nio-8081-exec-1] INFO  o.s.web.servlet.DispatcherServlet - Initializing Servlet 'dispatcherServlet'
11:13:25.969 [http-nio-8081-exec-1] INFO  o.s.web.servlet.DispatcherServlet - Completed initialization in 1 ms
11:13:27.654 [http-nio-8081-exec-1] INFO  c.n.s.impl.SimpleUserInfoService - 缓存命中，成功登录
11:13:27.654 [http-nio-8081-exec-1] DEBUG c.n.s.impl.SimpleUserInfoService - "e100eb8649f1d920e31ce7593668e777938fd7d871d45e1fe0338096863d5928"
11:13:29.824 [http-nio-8081-exec-2] INFO  c.n.s.impl.SimpleUserInfoService - 缓存命中，成功登录
11:13:29.824 [http-nio-8081-exec-2] DEBUG c.n.s.impl.SimpleUserInfoService - "e100eb8649f1d920e31ce7593668e777938fd7d871d45e1fe0338096863d5928"
11:18:17.812 [lettuce-eventExecutorLoop-1-3] INFO  i.l.core.protocol.ConnectionWatchdog - Reconnecting, last destination was /127.0.0.1:10086
11:18:19.860 [lettuce-nioEventLoop-4-2] WARN  i.l.core.protocol.ConnectionWatchdog - Cannot reconnect to [127.0.0.1:10086]: Connection refused: no further information: /127.0.0.1:10086
11:18:24.108 [lettuce-eventExecutorLoop-1-6] INFO  i.l.core.protocol.ConnectionWatchdog - Reconnecting, last destination was 127.0.0.1:10086
11:18:26.133 [lettuce-nioEventLoop-4-5] WARN  i.l.core.protocol.ConnectionWatchdog - Cannot reconnect to [127.0.0.1:10086]: Connection refused: no further information: /127.0.0.1:10086
11:18:30.514 [lettuce-eventExecutorLoop-1-9] INFO  i.l.core.protocol.ConnectionWatchdog - Reconnecting, last destination was 127.0.0.1:10086
11:18:32.115 [SpringApplicationShutdownHook] WARN  i.l.core.protocol.ConnectionWatchdog - Cannot reconnect to [127.0.0.1:10086]: java.util.concurrent.CancellationException
12:12:22.931 [main] INFO  com.nbu.Application - Starting Application v1.0-SNAPSHOT using Java 1.8.0_341 on LAPTOP-EQDM0DJB with PID 20396 (C:\Users\CCTV\Desktop\Summer Work\afterServices\summer\target\summer-1.0-SNAPSHOT.jar started by CCTV in C:\Users\CCTV\Desktop\Summer Work\afterServices\summer\target)
12:12:22.931 [main] DEBUG com.nbu.Application - Running with Spring Boot v2.5.8, Spring v5.3.14
12:12:22.931 [main] INFO  com.nbu.Application - No active profile set, falling back to default profiles: default
12:12:23.705 [main] INFO  o.s.d.r.c.RepositoryConfigurationDelegate - Multiple Spring Data modules found, entering strict repository configuration mode!
12:12:23.721 [main] INFO  o.s.d.r.c.RepositoryConfigurationDelegate - Bootstrapping Spring Data Redis repositories in DEFAULT mode.
12:12:23.728 [main] INFO  o.s.d.r.c.RepositoryConfigurationDelegate - Finished Spring Data repository scanning in 5 ms. Found 0 Redis repository interfaces.
12:12:25.450 [main] INFO  o.s.b.w.e.tomcat.TomcatWebServer - Tomcat initialized with port(s): 8081 (http)
12:12:25.526 [main] INFO  o.a.coyote.http11.Http11NioProtocol - Initializing ProtocolHandler ["http-nio-8081"]
12:12:25.526 [main] INFO  o.a.catalina.core.StandardService - Starting service [Tomcat]
12:12:25.526 [main] INFO  o.a.catalina.core.StandardEngine - Starting Servlet engine: [Apache Tomcat/9.0.56]
12:12:25.589 [main] INFO  o.a.c.c.C.[Tomcat].[localhost].[/] - Initializing Spring embedded WebApplicationContext
12:12:25.589 [main] INFO  o.s.b.w.s.c.ServletWebServerApplicationContext - Root WebApplicationContext: initialization completed in 2596 ms
12:12:26.545 [main] INFO  s.d.s.w.PropertySourcedRequestMappingHandlerMapping - Mapped URL path [/v2/api-docs] onto method [springfox.documentation.swagger2.web.Swagger2Controller#getDocumentation(String, HttpServletRequest)]
12:12:26.866 [main] INFO  o.a.coyote.http11.Http11NioProtocol - Starting ProtocolHandler ["http-nio-8081"]
12:12:26.899 [main] INFO  o.s.b.w.e.tomcat.TomcatWebServer - Tomcat started on port(s): 8081 (http) with context path ''
12:12:26.899 [main] INFO  s.d.s.w.p.DocumentationPluginsBootstrapper - Context refreshed
12:12:26.906 [main] INFO  s.d.s.w.p.DocumentationPluginsBootstrapper - Found 1 custom documentation plugin(s)
12:12:26.945 [main] INFO  s.d.s.w.s.ApiListingReferenceScanner - Scanning for api listing references
12:12:27.054 [main] INFO  com.nbu.Application - Started Application in 4.635 seconds (JVM running for 5.033)
12:22:38.630 [http-nio-8081-exec-1] INFO  o.a.c.c.C.[Tomcat].[localhost].[/] - Initializing Spring DispatcherServlet 'dispatcherServlet'
12:22:53.447 [http-nio-8081-exec-1] INFO  o.s.web.servlet.DispatcherServlet - Initializing Servlet 'dispatcherServlet'
12:22:53.449 [http-nio-8081-exec-1] INFO  o.s.web.servlet.DispatcherServlet - Completed initialization in 1 ms
12:22:55.100 [http-nio-8081-exec-1] INFO  c.n.s.impl.SimpleUserInfoService - 缓存命中，成功登录
12:22:55.100 [http-nio-8081-exec-2] INFO  c.n.s.impl.SimpleUserInfoService - 缓存命中，成功登录
12:22:55.101 [http-nio-8081-exec-1] DEBUG c.n.s.impl.SimpleUserInfoService - "e100eb8649f1d920e31ce7593668e777938fd7d871d45e1fe0338096863d5928"
12:22:55.104 [http-nio-8081-exec-2] DEBUG c.n.s.impl.SimpleUserInfoService - "e100eb8649f1d920e31ce7593668e777938fd7d871d45e1fe0338096863d5928"
14:09:44.385 [main] INFO  com.nbu.Application - Starting Application v1.0-SNAPSHOT using Java 1.8.0_341 on LAPTOP-EQDM0DJB with PID 18896 (C:\Users\CCTV\Desktop\Summer Work\afterServices\summer\target\summer-1.0-SNAPSHOT.jar started by CCTV in C:\Users\CCTV\Desktop\Summer Work\afterServices\summer\target)
14:09:44.385 [main] DEBUG com.nbu.Application - Running with Spring Boot v2.5.8, Spring v5.3.14
14:09:44.385 [main] INFO  com.nbu.Application - No active profile set, falling back to default profiles: default
14:09:45.135 [main] INFO  o.s.d.r.c.RepositoryConfigurationDelegate - Multiple Spring Data modules found, entering strict repository configuration mode!
14:09:45.135 [main] INFO  o.s.d.r.c.RepositoryConfigurationDelegate - Bootstrapping Spring Data Redis repositories in DEFAULT mode.
14:09:45.150 [main] INFO  o.s.d.r.c.RepositoryConfigurationDelegate - Finished Spring Data repository scanning in 6 ms. Found 0 Redis repository interfaces.
14:09:46.838 [main] INFO  o.s.b.w.e.tomcat.TomcatWebServer - Tomcat initialized with port(s): 8081 (http)
14:09:46.900 [main] INFO  o.a.coyote.http11.Http11NioProtocol - Initializing ProtocolHandler ["http-nio-8081"]
14:09:46.900 [main] INFO  o.a.catalina.core.StandardService - Starting service [Tomcat]
14:09:46.900 [main] INFO  o.a.catalina.core.StandardEngine - Starting Servlet engine: [Apache Tomcat/9.0.56]
14:09:46.963 [main] INFO  o.a.c.c.C.[Tomcat].[localhost].[/] - Initializing Spring embedded WebApplicationContext
14:09:46.963 [main] INFO  o.s.b.w.s.c.ServletWebServerApplicationContext - Root WebApplicationContext: initialization completed in 2516 ms
14:09:47.875 [main] INFO  s.d.s.w.PropertySourcedRequestMappingHandlerMapping - Mapped URL path [/v2/api-docs] onto method [springfox.documentation.swagger2.web.Swagger2Controller#getDocumentation(String, HttpServletRequest)]
14:09:48.175 [main] INFO  o.a.coyote.http11.Http11NioProtocol - Starting ProtocolHandler ["http-nio-8081"]
14:09:48.191 [main] INFO  o.s.b.w.e.tomcat.TomcatWebServer - Tomcat started on port(s): 8081 (http) with context path ''
14:09:48.206 [main] INFO  s.d.s.w.p.DocumentationPluginsBootstrapper - Context refreshed
14:09:48.222 [main] INFO  s.d.s.w.p.DocumentationPluginsBootstrapper - Found 1 custom documentation plugin(s)
14:09:48.269 [main] INFO  s.d.s.w.s.ApiListingReferenceScanner - Scanning for api listing references
14:09:48.382 [main] INFO  com.nbu.Application - Started Application in 4.443 seconds (JVM running for 4.837)
14:09:53.864 [http-nio-8081-exec-1] INFO  o.a.c.c.C.[Tomcat].[localhost].[/] - Initializing Spring DispatcherServlet 'dispatcherServlet'
14:09:53.865 [http-nio-8081-exec-1] INFO  o.s.web.servlet.DispatcherServlet - Initializing Servlet 'dispatcherServlet'
14:09:53.868 [http-nio-8081-exec-1] INFO  o.s.web.servlet.DispatcherServlet - Completed initialization in 1 ms
