22:50:10.023 [main] INFO  com.nbu.Application - Starting Application using Java 1.8.0_201 on LAPTOP-EQDM0DJB with PID 20080 (C:\Users\CCTV\Desktop\Summer Work\afterServices\summer\target\classes started by CCTV in C:\Users\CCTV\Desktop\Summer Work\afterServices\summer)
22:50:10.028 [main] DEBUG com.nbu.Application - Running with Spring Boot v2.5.8, Spring v5.3.14
22:50:10.029 [main] INFO  com.nbu.Application - No active profile set, falling back to default profiles: default
22:50:12.350 [main] INFO  o.s.d.r.c.RepositoryConfigurationDelegate - Multiple Spring Data modules found, entering strict repository configuration mode!
22:50:12.354 [main] INFO  o.s.d.r.c.RepositoryConfigurationDelegate - Bootstrapping Spring Data Redis repositories in DEFAULT mode.
22:50:12.440 [main] INFO  o.s.d.r.c.RepositoryConfigurationDelegate - Finished Spring Data repository scanning in 13 ms. Found 0 Redis repository interfaces.
22:50:14.510 [main] INFO  o.s.b.w.e.tomcat.TomcatWebServer - Tomcat initialized with port(s): 8081 (http)
22:50:14.558 [main] INFO  o.a.coyote.http11.Http11NioProtocol - Initializing ProtocolHandler ["http-nio-8081"]
22:50:14.558 [main] INFO  o.a.catalina.core.StandardService - Starting service [Tomcat]
22:50:14.559 [main] INFO  o.a.catalina.core.StandardEngine - Starting Servlet engine: [Apache Tomcat/9.0.56]
22:50:14.680 [main] INFO  o.a.c.c.C.[Tomcat].[localhost].[/] - Initializing Spring embedded WebApplicationContext
22:50:14.680 [main] INFO  o.s.b.w.s.c.ServletWebServerApplicationContext - Root WebApplicationContext: initialization completed in 4545 ms
22:50:17.217 [main] INFO  s.d.s.w.PropertySourcedRequestMappingHandlerMapping - Mapped URL path [/v2/api-docs] onto method [springfox.documentation.swagger2.web.Swagger2Controller#getDocumentation(String, HttpServletRequest)]
22:50:17.869 [main] INFO  o.a.coyote.http11.Http11NioProtocol - Starting ProtocolHandler ["http-nio-8081"]
22:50:17.911 [main] INFO  o.s.b.w.e.tomcat.TomcatWebServer - Tomcat started on port(s): 8081 (http) with context path ''
22:50:17.912 [main] INFO  s.d.s.w.p.DocumentationPluginsBootstrapper - Context refreshed
22:50:17.959 [main] INFO  s.d.s.w.p.DocumentationPluginsBootstrapper - Found 1 custom documentation plugin(s)
22:50:18.013 [main] INFO  s.d.s.w.s.ApiListingReferenceScanner - Scanning for api listing references
22:50:18.218 [main] INFO  com.nbu.Application - Started Application in 9.707 seconds (JVM running for 11.026)
22:54:35.135 [http-nio-8081-exec-1] INFO  o.a.c.c.C.[Tomcat].[localhost].[/] - Initializing Spring DispatcherServlet 'dispatcherServlet'
22:54:35.136 [http-nio-8081-exec-1] INFO  o.s.web.servlet.DispatcherServlet - Initializing Servlet 'dispatcherServlet'
22:54:35.138 [http-nio-8081-exec-1] INFO  o.s.web.servlet.DispatcherServlet - Completed initialization in 2 ms
23:26:35.570 [http-nio-8081-exec-9] INFO  com.zaxxer.hikari.HikariDataSource - HikariPool-1 - Starting...
23:26:36.958 [http-nio-8081-exec-9] INFO  com.zaxxer.hikari.HikariDataSource - HikariPool-1 - Start completed.
23:26:36.973 [http-nio-8081-exec-7] DEBUG c.n.m.U.GetUserInfoIdByUsernameAndPassword - ==>  Preparing: SELECT id FROM user_info WHERE username=? AND password=?
23:26:36.989 [http-nio-8081-exec-7] DEBUG c.n.m.U.GetUserInfoIdByUsernameAndPassword - ==> Parameters: cctv_gs(String), e100eb8649f1d920e31ce7593668e777938fd7d871d45e1fe0338096863d5928(String)
23:26:37.014 [http-nio-8081-exec-7] TRACE c.n.m.U.GetUserInfoIdByUsernameAndPassword - <==    Columns: id
23:26:37.014 [http-nio-8081-exec-7] TRACE c.n.m.U.GetUserInfoIdByUsernameAndPassword - <==        Row: 0
23:26:37.017 [http-nio-8081-exec-7] DEBUG c.n.m.U.GetUserInfoIdByUsernameAndPassword - <==      Total: 1
23:26:37.153 [http-nio-8081-exec-7] INFO  c.n.s.impl.SimpleUserInfoService - 登录成功,设置缓存
23:26:37.153 [http-nio-8081-exec-9] DEBUG c.n.m.U.GetUserInfoIdByUsernameAndPassword - ==>  Preparing: SELECT id FROM user_info WHERE username=? AND password=?
23:26:37.153 [http-nio-8081-exec-9] DEBUG c.n.m.U.GetUserInfoIdByUsernameAndPassword - ==> Parameters: cctv_gs(String), e100eb8649f1d920e31ce7593668e777938fd7d871d45e1fe0338096863d5928(String)
23:26:37.155 [http-nio-8081-exec-9] TRACE c.n.m.U.GetUserInfoIdByUsernameAndPassword - <==    Columns: id
23:26:37.156 [http-nio-8081-exec-9] TRACE c.n.m.U.GetUserInfoIdByUsernameAndPassword - <==        Row: 0
23:26:37.156 [http-nio-8081-exec-9] DEBUG c.n.m.U.GetUserInfoIdByUsernameAndPassword - <==      Total: 1
23:26:37.156 [http-nio-8081-exec-9] INFO  c.n.s.impl.SimpleUserInfoService - 登录成功,设置缓存
23:27:32.886 [http-nio-8081-exec-1] INFO  c.n.s.impl.SimpleUserInfoService - 缓存命中，成功登录
23:27:32.887 [http-nio-8081-exec-1] DEBUG c.n.s.impl.SimpleUserInfoService - "e100eb8649f1d920e31ce7593668e777938fd7d871d45e1fe0338096863d5928"
23:28:32.079 [pool-1-thread-1] DEBUG c.n.m.F.QueryFileResourceInfoByLimit - ==>  Preparing: SELECT file_name,file_type,upload_time,download_times FROM file_resource_info LIMIT ?,?
23:28:32.080 [pool-1-thread-1] DEBUG c.n.m.F.QueryFileResourceInfoByLimit - ==> Parameters: 0(Integer), 10(Integer)
23:28:32.084 [pool-1-thread-1] DEBUG c.n.m.F.QueryFileResourceInfoByLimit - <==      Total: 0
23:28:40.748 [pool-1-thread-1] DEBUG c.n.s.i.SimpleFileResourceInfoService - C:/Users/CCTV/Desktop/Summer Work/afterServices/summer/src/main/resources/upload/
23:28:40.751 [pool-1-thread-1] DEBUG c.n.m.F.SearchFileResourceInfoByFileName - ==>  Preparing: SELECT file_name,file_type,upload_time,download_times FROM file_resource_info WHERE file_name = ?
23:28:40.751 [pool-1-thread-1] DEBUG c.n.m.F.SearchFileResourceInfoByFileName - ==> Parameters: 曾少杰206003411 实验1.doc(String)
23:28:40.753 [pool-1-thread-1] DEBUG c.n.m.F.SearchFileResourceInfoByFileName - <==      Total: 0
23:28:40.757 [pool-1-thread-1] DEBUG c.n.m.F.InsertFileResourceInfo - ==>  Preparing: INSERT INTO file_resource_info (id,file_name,file_type,upload_time,download_times) VALUES ((SELECT CASE WHEN MAX(id) IS NULL THEN 0 ELSE MAX(id) + 1 END AS number FROM file_resource_info),?,?,?,?)
23:28:40.760 [pool-1-thread-1] DEBUG c.n.m.F.InsertFileResourceInfo - ==> Parameters: 曾少杰206003411 实验1(String), .doc(String), 2022-09-29 23:28:40.756(Timestamp), 0(Integer)
23:28:40.765 [pool-1-thread-1] DEBUG c.n.m.F.InsertFileResourceInfo - <==    Updates: 1
23:28:45.577 [pool-1-thread-1] DEBUG c.n.m.F.QueryFileResourceInfoByLimit - ==>  Preparing: SELECT file_name,file_type,upload_time,download_times FROM file_resource_info LIMIT ?,?
23:28:45.577 [pool-1-thread-1] DEBUG c.n.m.F.QueryFileResourceInfoByLimit - ==> Parameters: 0(Integer), 10(Integer)
23:28:45.579 [pool-1-thread-1] TRACE c.n.m.F.QueryFileResourceInfoByLimit - <==    Columns: file_name, file_type, upload_time, download_times
23:28:45.580 [pool-1-thread-1] TRACE c.n.m.F.QueryFileResourceInfoByLimit - <==        Row: 曾少杰206003411 实验1, .doc, 2022-09-29, 0
23:28:45.581 [pool-1-thread-1] DEBUG c.n.m.F.QueryFileResourceInfoByLimit - <==      Total: 1
23:28:53.155 [pool-1-thread-1] DEBUG c.n.s.i.SimpleFileResourceInfoService - C:/Users/CCTV/Desktop/Summer Work/afterServices/summer/src/main/resources/upload/
23:28:53.158 [pool-1-thread-1] DEBUG c.n.m.F.SearchFileResourceInfoByFileName - ==>  Preparing: SELECT file_name,file_type,upload_time,download_times FROM file_resource_info WHERE file_name = ?
23:28:53.159 [pool-1-thread-1] DEBUG c.n.m.F.SearchFileResourceInfoByFileName - ==> Parameters: 曾少杰206003411 实验2.doc(String)
23:28:53.160 [pool-1-thread-1] DEBUG c.n.m.F.SearchFileResourceInfoByFileName - <==      Total: 0
23:28:53.163 [pool-1-thread-1] DEBUG c.n.m.F.InsertFileResourceInfo - ==>  Preparing: INSERT INTO file_resource_info (id,file_name,file_type,upload_time,download_times) VALUES ((SELECT CASE WHEN MAX(id) IS NULL THEN 0 ELSE MAX(id) + 1 END AS number FROM file_resource_info),?,?,?,?)
23:28:53.164 [pool-1-thread-1] DEBUG c.n.m.F.InsertFileResourceInfo - ==> Parameters: 曾少杰206003411 实验2(String), .doc(String), 2022-09-29 23:28:53.163(Timestamp), 0(Integer)
23:28:53.166 [pool-1-thread-1] DEBUG c.n.m.F.InsertFileResourceInfo - <==    Updates: 1
23:28:55.138 [pool-1-thread-1] DEBUG c.n.m.F.QueryFileResourceInfoByLimit - ==>  Preparing: SELECT file_name,file_type,upload_time,download_times FROM file_resource_info LIMIT ?,?
23:28:55.138 [pool-1-thread-1] DEBUG c.n.m.F.QueryFileResourceInfoByLimit - ==> Parameters: 0(Integer), 10(Integer)
23:28:55.141 [pool-1-thread-1] TRACE c.n.m.F.QueryFileResourceInfoByLimit - <==    Columns: file_name, file_type, upload_time, download_times
23:28:55.141 [pool-1-thread-1] TRACE c.n.m.F.QueryFileResourceInfoByLimit - <==        Row: 曾少杰206003411 实验1, .doc, 2022-09-29, 0
23:28:55.141 [pool-1-thread-1] TRACE c.n.m.F.QueryFileResourceInfoByLimit - <==        Row: 曾少杰206003411 实验2, .doc, 2022-09-29, 0
23:28:55.142 [pool-1-thread-1] DEBUG c.n.m.F.QueryFileResourceInfoByLimit - <==      Total: 2
23:29:21.769 [pool-1-thread-1] DEBUG c.n.s.i.SimpleFileResourceInfoService - C:/Users/CCTV/Desktop/Summer Work/afterServices/summer/src/main/resources/upload/
23:29:21.772 [pool-1-thread-1] DEBUG c.n.m.F.SearchFileResourceInfoByFileName - ==>  Preparing: SELECT file_name,file_type,upload_time,download_times FROM file_resource_info WHERE file_name = ?
23:29:21.772 [pool-1-thread-1] DEBUG c.n.m.F.SearchFileResourceInfoByFileName - ==> Parameters: 曾少杰206003411 实验3 .doc(String)
23:29:21.774 [pool-1-thread-1] DEBUG c.n.m.F.SearchFileResourceInfoByFileName - <==      Total: 0
23:29:21.777 [pool-1-thread-1] DEBUG c.n.m.F.InsertFileResourceInfo - ==>  Preparing: INSERT INTO file_resource_info (id,file_name,file_type,upload_time,download_times) VALUES ((SELECT CASE WHEN MAX(id) IS NULL THEN 0 ELSE MAX(id) + 1 END AS number FROM file_resource_info),?,?,?,?)
23:29:21.778 [pool-1-thread-1] DEBUG c.n.m.F.InsertFileResourceInfo - ==> Parameters: 曾少杰206003411 实验3 (String), .doc(String), 2022-09-29 23:29:21.777(Timestamp), 0(Integer)
23:29:21.780 [pool-1-thread-1] DEBUG c.n.m.F.InsertFileResourceInfo - <==    Updates: 1
23:29:25.062 [pool-1-thread-1] DEBUG c.n.m.F.QueryFileResourceInfoByLimit - ==>  Preparing: SELECT file_name,file_type,upload_time,download_times FROM file_resource_info LIMIT ?,?
23:29:25.063 [pool-1-thread-1] DEBUG c.n.m.F.QueryFileResourceInfoByLimit - ==> Parameters: 0(Integer), 10(Integer)
23:29:25.065 [pool-1-thread-1] TRACE c.n.m.F.QueryFileResourceInfoByLimit - <==    Columns: file_name, file_type, upload_time, download_times
23:29:25.065 [pool-1-thread-1] TRACE c.n.m.F.QueryFileResourceInfoByLimit - <==        Row: 曾少杰206003411 实验1, .doc, 2022-09-29, 0
23:29:25.066 [pool-1-thread-1] TRACE c.n.m.F.QueryFileResourceInfoByLimit - <==        Row: 曾少杰206003411 实验2, .doc, 2022-09-29, 0
23:29:25.067 [pool-1-thread-1] TRACE c.n.m.F.QueryFileResourceInfoByLimit - <==        Row: 曾少杰206003411 实验3 , .doc, 2022-09-29, 0
23:29:25.067 [pool-1-thread-1] DEBUG c.n.m.F.QueryFileResourceInfoByLimit - <==      Total: 3
23:30:44.882 [pool-1-thread-2] DEBUG c.n.s.i.SimpleFileResourceInfoService - 开始向前端传输文件....
23:30:44.991 [pool-1-thread-2] DEBUG c.n.m.F.IncrementFileDownloadTimes - ==>  Preparing: UPDATE file_resource_info SET download_times = download_times+1 WHERE file_name = ?
23:30:44.992 [pool-1-thread-2] DEBUG c.n.m.F.IncrementFileDownloadTimes - ==> Parameters: 曾少杰206003411 实验2(String)
23:30:44.994 [pool-1-thread-2] DEBUG c.n.m.F.IncrementFileDownloadTimes - <==    Updates: 1
23:38:41.170 [SpringApplicationShutdownHook] INFO  com.zaxxer.hikari.HikariDataSource - HikariPool-1 - Shutdown initiated...
23:38:41.178 [SpringApplicationShutdownHook] INFO  com.zaxxer.hikari.HikariDataSource - HikariPool-1 - Shutdown completed.
