10:04:13.324 [main] INFO  com.nbu.Application - Starting Application using Java 1.8.0_201 on LAPTOP-EQDM0DJB with PID 21296 (C:\Users\CCTV\Desktop\Summer Work\afterServices\summer\target\classes started by CCTV in C:\Users\CCTV\Desktop\Summer Work\afterServices\summer)
10:04:13.330 [main] DEBUG com.nbu.Application - Running with Spring Boot v2.5.8, Spring v5.3.14
10:04:13.330 [main] INFO  com.nbu.Application - No active profile set, falling back to default profiles: default
10:04:15.495 [main] INFO  o.s.d.r.c.RepositoryConfigurationDelegate - Multiple Spring Data modules found, entering strict repository configuration mode!
10:04:15.499 [main] INFO  o.s.d.r.c.RepositoryConfigurationDelegate - Bootstrapping Spring Data Redis repositories in DEFAULT mode.
10:04:15.583 [main] INFO  o.s.d.r.c.RepositoryConfigurationDelegate - Finished Spring Data repository scanning in 14 ms. Found 0 Redis repository interfaces.
10:04:17.641 [main] INFO  o.s.b.w.e.tomcat.TomcatWebServer - Tomcat initialized with port(s): 8081 (http)
10:04:17.653 [main] INFO  o.a.coyote.http11.Http11NioProtocol - Initializing ProtocolHandler ["http-nio-8081"]
10:04:17.654 [main] INFO  o.a.catalina.core.StandardService - Starting service [Tomcat]
10:04:17.654 [main] INFO  o.a.catalina.core.StandardEngine - Starting Servlet engine: [Apache Tomcat/9.0.56]
10:04:17.789 [main] INFO  o.a.c.c.C.[Tomcat].[localhost].[/] - Initializing Spring embedded WebApplicationContext
10:04:17.789 [main] INFO  o.s.b.w.s.c.ServletWebServerApplicationContext - Root WebApplicationContext: initialization completed in 4340 ms
10:04:20.025 [main] INFO  s.d.s.w.PropertySourcedRequestMappingHandlerMapping - Mapped URL path [/v2/api-docs] onto method [springfox.documentation.swagger2.web.Swagger2Controller#getDocumentation(String, HttpServletRequest)]
10:04:20.711 [main] INFO  o.a.coyote.http11.Http11NioProtocol - Starting ProtocolHandler ["http-nio-8081"]
10:04:20.742 [main] INFO  o.s.b.w.e.tomcat.TomcatWebServer - Tomcat started on port(s): 8081 (http) with context path ''
10:04:20.743 [main] INFO  s.d.s.w.p.DocumentationPluginsBootstrapper - Context refreshed
10:04:20.801 [main] INFO  s.d.s.w.p.DocumentationPluginsBootstrapper - Found 1 custom documentation plugin(s)
10:04:20.835 [main] INFO  s.d.s.w.s.ApiListingReferenceScanner - Scanning for api listing references
10:04:21.025 [main] INFO  com.nbu.Application - Started Application in 9.617 seconds (JVM running for 17.355)
10:05:52.873 [http-nio-8081-exec-1] INFO  o.a.c.c.C.[Tomcat].[localhost].[/] - Initializing Spring DispatcherServlet 'dispatcherServlet'
10:05:52.873 [http-nio-8081-exec-1] INFO  o.s.web.servlet.DispatcherServlet - Initializing Servlet 'dispatcherServlet'
10:05:52.874 [http-nio-8081-exec-1] INFO  o.s.web.servlet.DispatcherServlet - Completed initialization in 1 ms
10:05:55.302 [http-nio-8081-exec-2] INFO  com.zaxxer.hikari.HikariDataSource - HikariPool-1 - Starting...
10:05:56.551 [http-nio-8081-exec-2] INFO  com.zaxxer.hikari.HikariDataSource - HikariPool-1 - Start completed.
10:05:56.559 [http-nio-8081-exec-2] DEBUG c.n.m.U.GetUserInfoIdByUsernameAndPassword - ==>  Preparing: SELECT id FROM user_info WHERE username=? AND password=?
10:05:56.570 [http-nio-8081-exec-2] DEBUG c.n.m.U.GetUserInfoIdByUsernameAndPassword - ==> Parameters: cctv_gs(String), e100eb8649f1d920e31ce7593668e777938fd7d871d45e1fe0338096863d5928(String)
10:05:56.591 [http-nio-8081-exec-2] TRACE c.n.m.U.GetUserInfoIdByUsernameAndPassword - <==    Columns: id
10:05:56.591 [http-nio-8081-exec-2] TRACE c.n.m.U.GetUserInfoIdByUsernameAndPassword - <==        Row: 0
10:05:56.593 [http-nio-8081-exec-2] DEBUG c.n.m.U.GetUserInfoIdByUsernameAndPassword - <==      Total: 1
10:05:56.601 [http-nio-8081-exec-2] INFO  c.n.s.impl.SimpleUserInfoService - 登录成功,设置缓存
10:05:56.601 [http-nio-8081-exec-1] DEBUG c.n.m.U.GetUserInfoIdByUsernameAndPassword - ==>  Preparing: SELECT id FROM user_info WHERE username=? AND password=?
10:05:56.601 [http-nio-8081-exec-1] DEBUG c.n.m.U.GetUserInfoIdByUsernameAndPassword - ==> Parameters: cctv_gs(String), e100eb8649f1d920e31ce7593668e777938fd7d871d45e1fe0338096863d5928(String)
10:05:56.605 [http-nio-8081-exec-1] TRACE c.n.m.U.GetUserInfoIdByUsernameAndPassword - <==    Columns: id
10:05:56.605 [http-nio-8081-exec-1] TRACE c.n.m.U.GetUserInfoIdByUsernameAndPassword - <==        Row: 0
10:05:56.605 [http-nio-8081-exec-1] DEBUG c.n.m.U.GetUserInfoIdByUsernameAndPassword - <==      Total: 1
10:05:56.605 [http-nio-8081-exec-1] INFO  c.n.s.impl.SimpleUserInfoService - 登录成功,设置缓存
10:06:28.314 [pool-1-thread-1] DEBUG c.n.m.F.QueryFileResourceInfoByLimit - ==>  Preparing: SELECT file_name,file_type,upload_time,download_times FROM file_resource_info LIMIT ?,?
10:06:28.315 [pool-1-thread-1] DEBUG c.n.m.F.QueryFileResourceInfoByLimit - ==> Parameters: 0(Integer), 10(Integer)
10:06:28.319 [pool-1-thread-1] TRACE c.n.m.F.QueryFileResourceInfoByLimit - <==    Columns: file_name, file_type, upload_time, download_times
10:06:28.320 [pool-1-thread-1] TRACE c.n.m.F.QueryFileResourceInfoByLimit - <==        Row: 曾少杰206003411 实验1, .doc, 2022-09-29, 0
10:06:28.321 [pool-1-thread-1] TRACE c.n.m.F.QueryFileResourceInfoByLimit - <==        Row: 曾少杰206003411 实验3 , .doc, 2022-09-29, 0
10:06:28.322 [pool-1-thread-1] TRACE c.n.m.F.QueryFileResourceInfoByLimit - <==        Row: 曾少杰206003411 实验2, .doc, 2022-09-29, 1
10:06:28.322 [pool-1-thread-1] DEBUG c.n.m.F.QueryFileResourceInfoByLimit - <==      Total: 3
10:07:37.403 [SpringApplicationShutdownHook] INFO  com.zaxxer.hikari.HikariDataSource - HikariPool-1 - Shutdown initiated...
10:07:37.490 [SpringApplicationShutdownHook] INFO  com.zaxxer.hikari.HikariDataSource - HikariPool-1 - Shutdown completed.
